npm verb cli C:\Program Files\nodejs\node.exe C:\Users\walek\AppData\Roaming\npm\node_modules\npm\bin\npm-cli.js
npm info using npm@10.2.5
npm info using node@v20.15.1
npm verb title npm install
npm verb argv "install" "--legacy-peer-deps" "--loglevel" "verbose"
npm verb logfile logs-max:10 dir:C:\Users\walek\AppData\Local\npm-cache\_logs\2024-08-24T00_26_30_184Z-
npm verb logfile C:\Users\walek\AppData\Local\npm-cache\_logs\2024-08-24T00_26_30_184Z-debug-0.log
npm http fetch GET 200 https://registry.npmjs.org/@badeball%2fcypress-cucumber-preprocessor 672ms (cache revalidated)
npm http fetch GET 200 https://registry.npmjs.org/@cypress%2fbrowserify-preprocessor 147ms (cache revalidated)
npm http fetch GET 200 https://registry.npmjs.org/@faker-js%2ffaker 87ms (cache revalidated)
npm http fetch GET 200 https://registry.npmjs.org/browserstack-cypress-cli 71ms (cache revalidated)
npm http fetch GET 200 https://registry.npmjs.org/cypress 70ms (cache revalidated)
npm http fetch GET 200 https://registry.npmjs.org/cypress-fill-command 69ms (cache revalidated)
npm http fetch GET 200 https://registry.npmjs.org/multiple-cucumber-html-reporter 575ms (cache revalidated)
npm http fetch GET 200 https://registry.npmjs.org/@cucumber%2fci-environment 548ms (cache revalidated)
npm http fetch GET 200 https://registry.npmjs.org/update-notifier 774ms (cache revalidated)
npm http fetch GET 200 https://registry.npmjs.org/chalk 768ms (cache revalidated)
npm http fetch GET 200 https://registry.npmjs.org/yauzl 766ms (cache revalidated)
npm http fetch GET 200 https://registry.npmjs.org/node-ipc 780ms (cache revalidated)
npm http fetch GET 200 https://registry.npmjs.org/process 762ms (cache revalidated)
npm http fetch GET 200 https://registry.npmjs.org/cli-cursor 756ms (cache revalidated)
npm http fetch GET 200 https://registry.npmjs.org/request 782ms (cache revalidated)
npm http fetch GET 200 https://registry.npmjs.org/winston 780ms (cache revalidated)
npm http fetch GET 200 https://registry.npmjs.org/minimist 763ms (cache revalidated)
npm http fetch GET 200 https://registry.npmjs.org/yargs 781ms (cache revalidated)
npm http fetch GET 200 https://registry.npmjs.org/debug 778ms (cache revalidated)
npm http fetch GET 200 https://registry.npmjs.org/figures 771ms (cache revalidated)
npm http fetch GET 200 https://registry.npmjs.org/log-symbols 761ms (cache revalidated)
npm http fetch GET 200 https://registry.npmjs.org/debug 830ms (cache revalidated)
npm http fetch GET 200 https://registry.npmjs.org/jsonfile 746ms (cache revalidated)
npm http fetch GET 200 https://registry.npmjs.org/executable 765ms (cache revalidated)
npm http fetch GET 200 https://registry.npmjs.org/eventemitter2 758ms (cache revalidated)
npm http fetch GET 200 https://registry.npmjs.org/is-installed-globally 754ms (cache revalidated)
npm http fetch GET 200 https://registry.npmjs.org/getos 783ms (cache revalidated)
npm http fetch GET 200 https://registry.npmjs.org/dayjs 787ms (cache revalidated)
npm http fetch GET 200 https://registry.npmjs.org/proxy-from-env 762ms (cache revalidated)
npm http fetch GET 200 https://registry.npmjs.org/chalk 841ms (cache revalidated)
npm http fetch GET 200 https://registry.npmjs.org/check-more-types 760ms (cache revalidated)
npm http fetch GET 200 https://registry.npmjs.org/commander 787ms (cache revalidated)
npm http fetch GET 200 https://registry.npmjs.org/tmp 806ms (cache revalidated)
npm http fetch GET 200 https://registry.npmjs.org/chalk 823ms (cache revalidated)
npm http fetch GET 200 https://registry.npmjs.org/listr2 800ms (cache revalidated)
npm http fetch GET 200 https://registry.npmjs.org/source-map 1026ms (cache revalidated)
npm http fetch GET 200 https://registry.npmjs.org/fs-extra 974ms (cache revalidated)
npm http fetch GET 200 https://registry.npmjs.org/mocha 1032ms (cache revalidated)
npm http fetch GET 200 https://registry.npmjs.org/glob 1016ms (cache revalidated)
npm http fetch GET 200 https://registry.npmjs.org/is-path-inside 1053ms (cache revalidated)
npm http fetch GET 200 https://registry.npmjs.org/gitconfiglocal 1028ms (cache revalidated)
npm http fetch GET 200 https://registry.npmjs.org/@babel%2fcore 1051ms (cache revalidated)
npm http fetch GET 200 https://registry.npmjs.org/esbuild 1064ms (cache revalidated)
npm http fetch GET 200 https://registry.npmjs.org/coffeescript 1049ms (cache revalidated)
npm http fetch GET 200 https://registry.npmjs.org/cli-table3 1016ms (cache revalidated)
npm http fetch GET 200 https://registry.npmjs.org/decompress 1046ms (cache revalidated)
npm http fetch GET 200 https://registry.npmjs.org/@types%2fsinonjs__fake-timers 1011ms (cache revalidated)
npm http fetch GET 200 https://registry.npmjs.org/table 1051ms (cache revalidated)
npm http fetch GET 200 https://registry.npmjs.org/@cucumber%2fhtml-formatter 1127ms (cache revalidated)
npm http fetch GET 200 https://registry.npmjs.org/@cucumber%2fcucumber-expressions 1135ms (cache revalidated)
npm http fetch GET 200 https://registry.npmjs.org/@cypress%2frequest 1058ms (cache revalidated)
npm http fetch GET 200 https://registry.npmjs.org/@cucumber%2fmessage-streams 1144ms (cache revalidated)
npm http fetch GET 200 https://registry.npmjs.org/ospath 1081ms (cache revalidated)
npm http fetch GET 200 https://registry.npmjs.org/watchify 1112ms (cache revalidated)
npm http fetch GET 200 https://registry.npmjs.org/@cucumber%2fgherkin 1148ms (cache revalidated)
npm http fetch GET 200 https://registry.npmjs.org/semver 1083ms (cache revalidated)
npm http fetch GET 200 https://registry.npmjs.org/async 1112ms (cache revalidated)
npm http fetch GET 200 https://registry.npmjs.org/@cucumber%2fcucumber 1153ms (cache revalidated)
npm http fetch GET 200 https://registry.npmjs.org/enquirer 1093ms (cache revalidated)
npm http fetch GET 200 https://registry.npmjs.org/fs-extra 1122ms (cache revalidated)
npm http fetch GET 200 https://registry.npmjs.org/cli-table 1158ms (cache revalidated)
npm http fetch GET 200 https://registry.npmjs.org/fs-extra 1072ms (cache revalidated)
npm http fetch GET 200 https://registry.npmjs.org/uuid 1114ms (cache revalidated)
npm http fetch GET 200 https://registry.npmjs.org/open 1071ms (cache revalidated)
npm http fetch GET 200 https://registry.npmjs.org/coffeeify 1139ms (cache revalidated)
npm http fetch GET 200 https://registry.npmjs.org/common-tags 1091ms (cache revalidated)
npm http fetch GET 200 https://registry.npmjs.org/cli-progress 1129ms (cache revalidated)
npm http fetch GET 200 https://registry.npmjs.org/babelify 1143ms (cache revalidated)
npm http fetch GET 200 https://registry.npmjs.org/lodash 1106ms (cache revalidated)
npm http fetch GET 200 https://registry.npmjs.org/mocha 1124ms (cache revalidated)
npm http fetch GET 200 https://registry.npmjs.org/buffer 1112ms (cache revalidated)
npm http fetch GET 200 https://registry.npmjs.org/luxon 1081ms (cache revalidated)
npm http fetch GET 200 https://registry.npmjs.org/mkdirp 1141ms (cache revalidated)
npm http fetch GET 200 https://registry.npmjs.org/pretty-bytes 1112ms (cache revalidated)
npm http fetch GET 200 https://registry.npmjs.org/seedrandom 1177ms (cache revalidated)
npm http fetch GET 200 https://registry.npmjs.org/uuid 1173ms (cache revalidated)
npm http fetch GET 200 https://registry.npmjs.org/fs-extra 1162ms (cache revalidated)
npm http fetch GET 200 https://registry.npmjs.org/through2 1164ms (cache revalidated)
npm http fetch GET 200 https://registry.npmjs.org/supports-color 1114ms (cache revalidated)
npm http fetch GET 200 https://registry.npmjs.org/glob 1190ms (cache revalidated)
npm http fetch GET 200 https://registry.npmjs.org/is-ci 1142ms (cache revalidated)
npm http fetch GET 200 https://registry.npmjs.org/debug 1174ms (cache revalidated)
npm http fetch GET 200 https://registry.npmjs.org/arch 1151ms (cache revalidated)
npm http fetch GET 200 https://registry.npmjs.org/@babel%2fruntime 1184ms (cache revalidated)
npm http fetch GET 200 https://registry.npmjs.org/browserify 1183ms (cache revalidated)
npm http fetch GET 200 https://registry.npmjs.org/cachedir 1155ms (cache revalidated)
npm http fetch GET 200 https://registry.npmjs.org/blob-util 1152ms (cache revalidated)
npm http fetch GET 200 https://registry.npmjs.org/execa 1167ms (cache revalidated)
npm http fetch GET 200 https://registry.npmjs.org/base64-js 1224ms (cache revalidated)
npm http fetch GET 200 https://registry.npmjs.org/lazy-ass 1159ms (cache revalidated)
npm http fetch GET 200 https://registry.npmjs.org/cosmiconfig 1223ms (cache revalidated)
npm http fetch GET 200 https://registry.npmjs.org/bluebird 1207ms (cache revalidated)
npm http fetch GET 200 https://registry.npmjs.org/request-progress 1153ms (cache revalidated)
npm http fetch GET 200 https://registry.npmjs.org/babel-plugin-add-module-exports 1216ms (cache revalidated)
npm http fetch GET 200 https://registry.npmjs.org/common-ancestor-path 1235ms (cache revalidated)
npm http fetch GET 200 https://registry.npmjs.org/windows-release 1190ms (cache revalidated)
npm http fetch GET 200 https://registry.npmjs.org/@babel%2fpreset-react 1219ms (cache revalidated)
npm http fetch GET 200 https://registry.npmjs.org/@babel%2fpreset-env 1222ms (cache revalidated)
npm http fetch GET 200 https://registry.npmjs.org/split 1237ms (cache revalidated)
npm http fetch GET 200 https://registry.npmjs.org/@babel%2fplugin-proposal-object-rest-spread 1233ms (cache revalidated)
npm http fetch GET 200 https://registry.npmjs.org/lodash.clonedeep 1224ms (cache revalidated)
npm http fetch GET 200 https://registry.npmjs.org/@types%2fsizzle 1175ms (cache revalidated)
npm http fetch GET 200 https://registry.npmjs.org/@babel%2fplugin-proposal-class-properties 1238ms (cache revalidated)
npm http fetch GET 200 https://registry.npmjs.org/@babel%2fplugin-transform-runtime 1238ms (cache revalidated)
npm http fetch GET 200 https://registry.npmjs.org/error-stack-parser 1261ms (cache revalidated)
npm http fetch GET 200 https://registry.npmjs.org/archiver 1234ms (cache revalidated)
npm http fetch GET 200 https://registry.npmjs.org/@cucumber%2fpretty-formatter 1271ms (cache revalidated)
npm http fetch GET 200 https://registry.npmjs.org/@cypress%2fxvfb 1192ms (cache revalidated)
npm http fetch GET 200 https://registry.npmjs.org/@cucumber%2ftag-expressions 1272ms (cache revalidated)
npm http fetch GET 200 https://registry.npmjs.org/find 1185ms (cache revalidated)
npm http fetch GET 200 https://registry.npmjs.org/untildify 1204ms (cache revalidated)
npm http fetch GET 200 https://registry.npmjs.org/requestretry 1275ms (cache revalidated)
npm http fetch GET 200 https://registry.npmjs.org/getmac 1302ms (cache revalidated)
npm http fetch GET 200 https://registry.npmjs.org/browserstack-local 1347ms (cache revalidated)
npm http fetch GET 200 https://registry.npmjs.org/extract-zip 1318ms (cache revalidated)
npm http fetch GET 200 https://registry.npmjs.org/@cucumber%2fmessages 1466ms (cache revalidated)
npm http fetch GET 200 https://registry.npmjs.org/git-last-commit 1516ms (cache revalidated)
npm http fetch GET 200 https://registry.npmjs.org/git-repo-info 1529ms (cache revalidated)
npm http fetch GET 200 https://registry.npmjs.org/@badeball%2fcypress-configuration 1932ms (cache revalidated)
npm http fetch GET 200 https://registry.npmjs.org/lodash.mergewith 263ms (cache revalidated)
npm http fetch GET 200 https://registry.npmjs.org/is-stream 265ms (cache revalidated)
npm http fetch GET 200 https://registry.npmjs.org/has-ansi 267ms (cache revalidated)
npm http fetch GET 200 https://registry.npmjs.org/lodash.merge 264ms (cache revalidated)
npm http fetch GET 200 https://registry.npmjs.org/assertion-error-formatter 270ms (cache revalidated)
npm http fetch GET 200 https://registry.npmjs.org/minimatch 280ms (cache revalidated)
npm http fetch GET 200 https://registry.npmjs.org/@babel%2fparser 284ms (cache revalidated)
npm http fetch GET 200 https://registry.npmjs.org/mime 270ms (cache revalidated)
npm http fetch GET 200 https://registry.npmjs.org/progress 273ms (cache revalidated)
npm http fetch GET 200 https://registry.npmjs.org/capital-case 280ms (cache revalidated)
npm http fetch GET 200 https://registry.npmjs.org/indent-string 278ms (cache revalidated)
npm http fetch GET 200 https://registry.npmjs.org/read-pkg-up 274ms (cache revalidated)
npm http fetch GET 200 https://registry.npmjs.org/mz 290ms (cache revalidated)
npm http fetch GET 200 https://registry.npmjs.org/yaml 287ms (cache revalidated)
npm http fetch GET 200 https://registry.npmjs.org/strip-ansi 303ms (cache revalidated)
npm http fetch GET 200 https://registry.npmjs.org/string-argv 303ms (cache revalidated)
npm http fetch GET 200 https://registry.npmjs.org/resolve-pkg 305ms (cache revalidated)
npm http fetch GET 200 https://registry.npmjs.org/knuth-shuffle-seeded 312ms (cache revalidated)
npm http fetch GET 200 https://registry.npmjs.org/type-fest 307ms (cache revalidated)
npm http fetch GET 200 https://registry.npmjs.org/xmlbuilder 314ms (cache revalidated)
npm http fetch GET 200 https://registry.npmjs.org/regexp-match-indices 317ms (cache revalidated)
npm http fetch GET 200 https://registry.npmjs.org/util-arity 324ms (cache revalidated)
npm http fetch GET 200 https://registry.npmjs.org/yup 320ms (cache revalidated)
npm http fetch GET 200 https://registry.npmjs.org/@types%2fuuid 319ms (cache revalidated)
npm http fetch GET 200 https://registry.npmjs.org/colors 317ms (cache revalidated)
npm http fetch GET 200 https://registry.npmjs.org/env-paths 315ms (cache revalidated)
npm http fetch GET 200 https://registry.npmjs.org/class-transformer 328ms (cache revalidated)
npm http fetch GET 200 https://registry.npmjs.org/ts-dedent 325ms (cache revalidated)
npm http fetch GET 200 https://registry.npmjs.org/import-fresh 322ms (cache revalidated)
npm http fetch GET 200 https://registry.npmjs.org/reflect-metadata 334ms (cache revalidated)
npm http fetch GET 200 https://registry.npmjs.org/parse-json 339ms (cache revalidated)
npm http fetch GET 200 https://registry.npmjs.org/ansi-styles 354ms (cache revalidated)
npm http fetch GET 200 https://registry.npmjs.org/@cucumber%2fgherkin-streams 385ms (cache revalidated)
npm http fetch GET 200 https://registry.npmjs.org/ansi-styles 356ms (cache revalidated)
npm http fetch GET 200 https://registry.npmjs.org/js-yaml 352ms (cache revalidated)
npm http fetch GET 200 https://registry.npmjs.org/ms 354ms (cache revalidated)
npm http fetch GET 200 https://registry.npmjs.org/@esbuild%2ffreebsd-arm64 345ms (cache revalidated)
npm http fetch GET 200 https://registry.npmjs.org/@esbuild%2fandroid-x64 363ms (cache revalidated)
npm http fetch GET 200 https://registry.npmjs.org/@esbuild%2fandroid-arm64 367ms (cache revalidated)
npm http fetch GET 200 https://registry.npmjs.org/@esbuild%2faix-ppc64 376ms (cache revalidated)
npm http fetch GET 200 https://registry.npmjs.org/@esbuild%2fandroid-arm 382ms (cache revalidated)
npm http fetch GET 200 https://registry.npmjs.org/stackframe 396ms (cache revalidated)
npm http fetch GET 200 https://registry.npmjs.org/@esbuild%2flinux-riscv64 390ms (cache revalidated)
npm http fetch GET 200 https://registry.npmjs.org/@esbuild%2fnetbsd-x64 389ms (cache revalidated)
npm http fetch GET 200 https://registry.npmjs.org/@esbuild%2fdarwin-x64 400ms (cache revalidated)
npm http fetch GET 200 https://registry.npmjs.org/@esbuild%2fdarwin-arm64 402ms (cache revalidated)
npm http fetch GET 200 https://registry.npmjs.org/@esbuild%2flinux-ia32 410ms (cache revalidated)
npm http fetch GET 200 https://registry.npmjs.org/@esbuild%2flinux-arm64 415ms (cache revalidated)
npm http fetch GET 200 https://registry.npmjs.org/@esbuild%2flinux-arm 417ms (cache revalidated)
npm http fetch GET 200 https://registry.npmjs.org/@esbuild%2flinux-ppc64 415ms (cache revalidated)
npm http fetch GET 200 https://registry.npmjs.org/@esbuild%2fopenbsd-x64 441ms (cache revalidated)
npm http fetch GET 200 https://registry.npmjs.org/minipass 438ms (cache revalidated)
npm http fetch GET 200 https://registry.npmjs.org/@esbuild%2fsunos-x64 447ms (cache revalidated)
npm http fetch GET 200 https://registry.npmjs.org/@esbuild%2ffreebsd-x64 457ms (cache revalidated)
npm http fetch GET 200 https://registry.npmjs.org/@esbuild%2flinux-loong64 466ms (cache revalidated)
npm http fetch GET 200 https://registry.npmjs.org/@esbuild%2flinux-s390x 466ms (cache revalidated)
npm http fetch GET 200 https://registry.npmjs.org/jackspeak 463ms (cache revalidated)
npm http fetch GET 200 https://registry.npmjs.org/@esbuild%2flinux-mips64el 475ms (cache revalidated)
npm http fetch GET 200 https://registry.npmjs.org/path-scurry 469ms (cache revalidated)
npm http fetch GET 200 https://registry.npmjs.org/minimatch 471ms (cache revalidated)
npm http fetch GET 200 https://registry.npmjs.org/package-json-from-dist 486ms (cache revalidated)
npm http fetch GET 200 https://registry.npmjs.org/@esbuild%2flinux-x64 495ms (cache revalidated)
npm http fetch GET 200 https://registry.npmjs.org/@esbuild%2fwin32-ia32 493ms (cache revalidated)
npm http fetch GET 200 https://registry.npmjs.org/@esbuild%2fopenbsd-arm64 500ms (cache revalidated)
npm http fetch GET 200 https://registry.npmjs.org/find-up 488ms (cache revalidated)
npm http fetch GET 200 https://registry.npmjs.org/diff 501ms (cache revalidated)
npm http fetch GET 200 https://registry.npmjs.org/ms 500ms (cache revalidated)
npm http fetch GET 200 https://registry.npmjs.org/ansi-colors 512ms (cache revalidated)
npm http fetch GET 200 https://registry.npmjs.org/foreground-child 516ms (cache revalidated)
npm http fetch GET 200 https://registry.npmjs.org/chokidar 514ms (cache revalidated)
npm http fetch GET 200 https://registry.npmjs.org/@esbuild%2fwin32-x64 531ms (cache revalidated)
npm http fetch GET 200 https://registry.npmjs.org/minimatch 523ms (cache revalidated)
npm http fetch GET 200 https://registry.npmjs.org/yargs-parser 519ms (cache revalidated)
npm http fetch GET 200 https://registry.npmjs.org/escape-string-regexp 530ms (cache revalidated)
npm http fetch GET 200 https://registry.npmjs.org/serialize-javascript 528ms (cache revalidated)
npm http fetch GET 200 https://registry.npmjs.org/he 531ms (cache revalidated)
npm http fetch GET 200 https://registry.npmjs.org/strip-json-comments 527ms (cache revalidated)
npm http fetch GET 200 https://registry.npmjs.org/workerpool 530ms (cache revalidated)
npm http fetch GET 200 https://registry.npmjs.org/browser-stdout 542ms (cache revalidated)
npm http fetch GET 200 https://registry.npmjs.org/yargs-unparser 566ms (cache revalidated)
npm http fetch GET 200 https://registry.npmjs.org/through 568ms (cache revalidated)
npm http fetch GET 200 https://registry.npmjs.org/@cucumber%2fgherkin-utils 799ms (cache revalidated)
npm http fetch GET 200 https://registry.npmjs.org/node-hook 809ms (cache revalidated)
npm http fetch GET 200 https://registry.npmjs.org/@esbuild%2fwin32-arm64 1564ms (cache revalidated)
npm http fetch GET 200 https://registry.npmjs.org/path-is-absolute 86ms (cache revalidated)
npm http fetch GET 200 https://registry.npmjs.org/inflight 90ms (cache revalidated)
npm http fetch GET 200 https://registry.npmjs.org/inherits 91ms (cache revalidated)
npm http fetch GET 200 https://registry.npmjs.org/brace-expansion 83ms (cache revalidated)
npm http fetch GET 200 https://registry.npmjs.org/fs.realpath 95ms (cache revalidated)
npm http fetch GET 200 https://registry.npmjs.org/once 101ms (cache revalidated)
npm http fetch GET 200 https://registry.npmjs.org/@babel%2ftypes 133ms (cache revalidated)
npm http fetch GET 200 https://registry.npmjs.org/to-fast-properties 58ms (cache revalidated)
npm http fetch GET 200 https://registry.npmjs.org/@babel%2fhelper-string-parser 61ms (cache revalidated)
npm http fetch GET 200 https://registry.npmjs.org/@babel%2fhelper-validator-identifier 71ms (cache revalidated)
npm http fetch GET 200 https://registry.npmjs.org/source-map-support 112ms (cache revalidated)
npm http fetch GET 200 https://registry.npmjs.org/tslib 108ms (cache revalidated)
npm http fetch GET 200 https://registry.npmjs.org/source-map-support 123ms (cache revalidated)
npm http fetch GET 200 https://registry.npmjs.org/ansi-regex 109ms (cache revalidated)
npm http fetch GET 200 https://registry.npmjs.org/read-pkg 96ms (cache revalidated)
npm http fetch GET 200 https://registry.npmjs.org/any-promise 103ms (cache revalidated)
npm http fetch GET 200 https://registry.npmjs.org/string-width 119ms (cache revalidated)
npm http fetch GET 200 https://registry.npmjs.org/repeat-string 133ms (cache revalidated)
npm http fetch GET 200 https://registry.npmjs.org/global-dirs 126ms (cache revalidated)
npm http fetch GET 200 https://registry.npmjs.org/upper-case-first 141ms (cache revalidated)
npm http fetch GET 200 https://registry.npmjs.org/pad-right 145ms (cache revalidated)
npm http fetch GET 200 https://registry.npmjs.org/no-case 143ms (cache revalidated)
npm http fetch GET 200 https://registry.npmjs.org/resolve-from 122ms (cache revalidated)
npm http fetch GET 200 https://registry.npmjs.org/thenify-all 160ms (cache revalidated)
npm http fetch GET 200 https://registry.npmjs.org/object-assign 164ms (cache revalidated)
npm http fetch GET 200 https://registry.npmjs.org/ansi-regex 155ms (cache revalidated)
npm http fetch GET 200 https://registry.npmjs.org/@colors%2fcolors 177ms (cache revalidated)
npm http fetch GET 200 https://registry.npmjs.org/lru-cache 158ms (cache revalidated)
npm http fetch GET 200 https://registry.npmjs.org/seed-random 171ms (cache revalidated)
npm http fetch GET 200 https://registry.npmjs.org/has-flag 156ms (cache revalidated)
npm http fetch GET 200 https://registry.npmjs.org/property-expr 158ms (cache revalidated)
npm http fetch GET 200 https://registry.npmjs.org/@teppeis%2fmultimaps 198ms (cache revalidated)
npm http fetch GET 200 https://registry.npmjs.org/tiny-case 176ms (cache revalidated)
npm http fetch GET 200 https://registry.npmjs.org/toposort 249ms (cache revalidated)
npm http fetch GET 200 https://registry.npmjs.org/regexp-tree 70ms (cache revalidated)
npm http fetch GET 200 https://registry.npmjs.org/buffer-from 79ms (cache revalidated)
npm http fetch GET 200 https://registry.npmjs.org/@babel%2fhelper-compilation-targets 488ms (cache revalidated)
npm http fetch GET 200 https://registry.npmjs.org/convert-source-map 482ms (cache revalidated)
npm http fetch GET 200 https://registry.npmjs.org/@babel%2fcode-frame 492ms (cache revalidated)
npm http fetch GET 200 https://registry.npmjs.org/@babel%2fcompat-data 477ms (cache revalidated)
npm http fetch GET 200 https://registry.npmjs.org/@babel%2ftemplate 486ms (cache revalidated)
npm http fetch GET 200 https://registry.npmjs.org/@babel%2fhelpers 492ms (cache revalidated)
npm http fetch GET 200 https://registry.npmjs.org/gensync 486ms (cache revalidated)
npm http fetch GET 200 https://registry.npmjs.org/@babel%2fhelper-compilation-targets 481ms (cache revalidated)
npm http fetch GET 200 https://registry.npmjs.org/@babel%2fgenerator 498ms (cache revalidated)
npm http fetch GET 200 https://registry.npmjs.org/@ampproject%2fremapping 502ms (cache revalidated)
npm http fetch GET 200 https://registry.npmjs.org/@babel%2fhelper-module-transforms 499ms (cache revalidated)
npm http fetch GET 200 https://registry.npmjs.org/@babel%2fhelper-plugin-utils 490ms (cache revalidated)
npm http fetch GET 200 https://registry.npmjs.org/json5 492ms (cache revalidated)
npm http fetch GET 200 https://registry.npmjs.org/@babel%2ftraverse 496ms (cache revalidated)
npm http fetch GET 200 https://registry.npmjs.org/@babel%2fhelper-create-class-features-plugin 494ms (cache revalidated)
npm http fetch GET 200 https://registry.npmjs.org/@babel%2fplugin-transform-parameters 503ms (cache revalidated)
npm http fetch GET 200 https://registry.npmjs.org/@babel%2fhelper-plugin-utils 505ms (cache revalidated)
npm http fetch GET 200 https://registry.npmjs.org/@babel%2fhelper-validator-option 505ms (cache revalidated)
npm http fetch GET 200 https://registry.npmjs.org/babel-plugin-polyfill-corejs3 511ms (cache revalidated)
npm http fetch GET 200 https://registry.npmjs.org/@babel%2fhelper-plugin-utils 514ms (cache revalidated)
npm http fetch GET 200 https://registry.npmjs.org/@babel%2fplugin-syntax-object-rest-spread 519ms (cache revalidated)
npm http fetch GET 200 https://registry.npmjs.org/@babel%2fhelper-module-imports 516ms (cache revalidated)
npm http fetch GET 200 https://registry.npmjs.org/@babel%2fcompat-data 512ms (cache revalidated)
npm http fetch GET 200 https://registry.npmjs.org/@babel%2fplugin-bugfix-firefox-class-in-computed-class-key 511ms (cache revalidated)
npm http fetch GET 200 https://registry.npmjs.org/@babel%2fplugin-bugfix-safari-class-field-initializer-scope 515ms (cache revalidated)
npm http fetch GET 200 https://registry.npmjs.org/@babel%2fplugin-bugfix-v8-spread-parameters-in-optional-chaining 513ms (cache revalidated)
npm http fetch GET 200 https://registry.npmjs.org/@babel%2fplugin-bugfix-safari-id-destructuring-collision-in-function-expression 515ms (cache revalidated)
npm http fetch GET 200 https://registry.npmjs.org/babel-plugin-polyfill-regenerator 524ms (cache revalidated)
npm http fetch GET 200 https://registry.npmjs.org/@babel%2fplugin-syntax-async-generators 515ms (cache revalidated)
npm http fetch GET 200 https://registry.npmjs.org/babel-plugin-polyfill-corejs2 533ms (cache revalidated)
npm http fetch GET 200 https://registry.npmjs.org/@babel%2fplugin-proposal-private-property-in-object 528ms (cache revalidated)
npm http fetch GET 200 https://registry.npmjs.org/@babel%2fplugin-syntax-class-properties 531ms (cache revalidated)
npm http fetch GET 200 https://registry.npmjs.org/@babel%2fplugin-syntax-class-static-block 537ms (cache revalidated)
npm http fetch GET 200 https://registry.npmjs.org/@babel%2fplugin-syntax-export-namespace-from 537ms (cache revalidated)
npm http fetch GET 200 https://registry.npmjs.org/@babel%2fplugin-syntax-json-strings 533ms (cache revalidated)
npm http fetch GET 200 https://registry.npmjs.org/@babel%2fplugin-bugfix-v8-static-class-fields-redefine-readonly 545ms (cache revalidated)
npm http fetch GET 200 https://registry.npmjs.org/@babel%2fplugin-syntax-dynamic-import 545ms (cache revalidated)
npm http fetch GET 200 https://registry.npmjs.org/@babel%2fplugin-syntax-import-assertions 548ms (cache revalidated)
npm http fetch GET 200 https://registry.npmjs.org/@babel%2fplugin-syntax-logical-assignment-operators 549ms (cache revalidated)
npm http fetch GET 200 https://registry.npmjs.org/@babel%2fplugin-syntax-unicode-sets-regex 553ms (cache revalidated)
npm http fetch GET 200 https://registry.npmjs.org/@babel%2fplugin-syntax-import-meta 568ms (cache revalidated)
npm http fetch GET 200 https://registry.npmjs.org/@babel%2fplugin-syntax-optional-chaining 565ms (cache revalidated)
npm http fetch GET 200 https://registry.npmjs.org/@babel%2fplugin-syntax-optional-catch-binding 567ms (cache revalidated)
npm http fetch GET 200 https://registry.npmjs.org/@babel%2fplugin-syntax-private-property-in-object 567ms (cache revalidated)
npm http fetch GET 200 https://registry.npmjs.org/@babel%2fplugin-transform-async-generator-functions 564ms (cache revalidated)
npm http fetch GET 200 https://registry.npmjs.org/@babel%2fplugin-transform-async-to-generator 570ms (cache revalidated)
npm http fetch GET 200 https://registry.npmjs.org/@babel%2fplugin-syntax-numeric-separator 581ms (cache revalidated)
npm http fetch GET 200 https://registry.npmjs.org/@babel%2fplugin-transform-arrow-functions 576ms (cache revalidated)
npm http fetch GET 200 https://registry.npmjs.org/@babel%2fplugin-syntax-import-attributes 589ms (cache revalidated)
npm http fetch GET 200 https://registry.npmjs.org/@babel%2fplugin-syntax-top-level-await 580ms (cache revalidated)
npm http fetch GET 200 https://registry.npmjs.org/@babel%2fplugin-syntax-nullish-coalescing-operator 594ms (cache revalidated)
npm http fetch GET 200 https://registry.npmjs.org/@babel%2fplugin-transform-class-static-block 590ms (cache revalidated)
npm http fetch GET 200 https://registry.npmjs.org/@babel%2fplugin-transform-classes 597ms (cache revalidated)
npm http fetch GET 200 https://registry.npmjs.org/@babel%2fplugin-transform-block-scoping 601ms (cache revalidated)
npm http fetch GET 200 https://registry.npmjs.org/@babel%2fplugin-transform-duplicate-keys 601ms (cache revalidated)
npm http fetch GET 200 https://registry.npmjs.org/@babel%2fplugin-transform-duplicate-named-capturing-groups-regex 606ms (cache revalidated)
npm http fetch GET 200 https://registry.npmjs.org/@babel%2fplugin-transform-dynamic-import 606ms (cache revalidated)
npm http fetch GET 200 https://registry.npmjs.org/@babel%2fplugin-transform-for-of 610ms (cache revalidated)
npm http fetch GET 200 https://registry.npmjs.org/@babel%2fplugin-transform-destructuring 615ms (cache revalidated)
npm http fetch GET 200 https://registry.npmjs.org/@babel%2fplugin-transform-exponentiation-operator 618ms (cache revalidated)
npm http fetch GET 200 https://registry.npmjs.org/@babel%2fplugin-transform-computed-properties 623ms (cache revalidated)
npm http fetch GET 200 https://registry.npmjs.org/@babel%2fplugin-transform-dotall-regex 623ms (cache revalidated)
npm http fetch GET 200 https://registry.npmjs.org/@babel%2fplugin-transform-class-properties 627ms (cache revalidated)
npm http fetch GET 200 https://registry.npmjs.org/@babel%2fplugin-transform-export-namespace-from 625ms (cache revalidated)
npm http fetch GET 200 https://registry.npmjs.org/@babel%2fplugin-transform-modules-commonjs 630ms (cache revalidated)
npm http fetch GET 200 https://registry.npmjs.org/@babel%2fplugin-transform-function-name 634ms (cache revalidated)
npm http fetch GET 200 https://registry.npmjs.org/@babel%2fplugin-transform-logical-assignment-operators 643ms (cache revalidated)
npm http fetch GET 200 https://registry.npmjs.org/@babel%2fplugin-transform-block-scoped-functions 653ms (cache revalidated)
npm http fetch GET 200 https://registry.npmjs.org/@babel%2fplugin-transform-named-capturing-groups-regex 638ms (cache revalidated)
npm http fetch GET 200 https://registry.npmjs.org/@babel%2fplugin-transform-modules-amd 647ms (cache revalidated)
npm http fetch GET 200 https://registry.npmjs.org/@babel%2fplugin-transform-literals 650ms (cache revalidated)
npm http fetch GET 200 https://registry.npmjs.org/@babel%2fplugin-transform-modules-umd 645ms (cache revalidated)
npm http fetch GET 200 https://registry.npmjs.org/@babel%2fplugin-transform-member-expression-literals 656ms (cache revalidated)
npm http fetch GET 200 https://registry.npmjs.org/@babel%2fplugin-transform-optional-chaining 664ms (cache revalidated)
npm http fetch GET 200 https://registry.npmjs.org/@babel%2fplugin-transform-numeric-separator 669ms (cache revalidated)
npm http fetch GET 200 https://registry.npmjs.org/@babel%2fplugin-transform-new-target 671ms (cache revalidated)
npm http fetch GET 200 https://registry.npmjs.org/@babel%2fplugin-transform-modules-systemjs 676ms (cache revalidated)
npm http fetch GET 200 https://registry.npmjs.org/@babel%2fplugin-transform-reserved-words 675ms (cache revalidated)
npm http fetch GET 200 https://registry.npmjs.org/@babel%2fplugin-transform-object-super 682ms (cache revalidated)
npm http fetch GET 200 https://registry.npmjs.org/@babel%2fplugin-transform-private-methods 681ms (cache revalidated)
npm http fetch GET 200 https://registry.npmjs.org/@babel%2fplugin-transform-private-property-in-object 690ms (cache revalidated)
npm http fetch GET 200 https://registry.npmjs.org/@babel%2fplugin-transform-regenerator 690ms (cache revalidated)
npm http fetch GET 200 https://registry.npmjs.org/@babel%2fplugin-transform-property-literals 693ms (cache revalidated)
npm http fetch GET 200 https://registry.npmjs.org/@babel%2fplugin-transform-optional-catch-binding 698ms (cache revalidated)
npm http fetch GET 200 https://registry.npmjs.org/@babel%2fplugin-transform-object-rest-spread 707ms (cache revalidated)
npm http fetch GET 200 https://registry.npmjs.org/@babel%2fplugin-transform-shorthand-properties 703ms (cache revalidated)
npm http fetch GET 200 https://registry.npmjs.org/@babel%2fplugin-transform-nullish-coalescing-operator 712ms (cache revalidated)
npm http fetch GET 200 https://registry.npmjs.org/@babel%2fplugin-transform-sticky-regex 717ms (cache revalidated)
npm http fetch GET 200 https://registry.npmjs.org/@babel%2fplugin-transform-unicode-escapes 717ms (cache revalidated)
npm http fetch GET 200 https://registry.npmjs.org/@babel%2fplugin-transform-json-strings 738ms (cache revalidated)
npm http fetch GET 200 https://registry.npmjs.org/@babel%2fplugin-transform-spread 722ms (cache revalidated)
npm http fetch GET 200 https://registry.npmjs.org/@babel%2fplugin-transform-template-literals 724ms (cache revalidated)
npm http fetch GET 200 https://registry.npmjs.org/@babel%2fplugin-transform-parameters 733ms (cache revalidated)
npm http fetch GET 200 https://registry.npmjs.org/@babel%2fplugin-transform-typeof-symbol 728ms (cache revalidated)
npm http fetch GET 200 https://registry.npmjs.org/@babel%2fplugin-transform-unicode-sets-regex 729ms (cache revalidated)
npm http fetch GET 200 https://registry.npmjs.org/@babel%2fplugin-transform-unicode-regex 730ms (cache revalidated)
npm http fetch GET 200 https://registry.npmjs.org/@babel%2fplugin-transform-unicode-property-regex 738ms (cache revalidated)
npm http fetch GET 200 https://registry.npmjs.org/core-js-compat 739ms (cache revalidated)
npm http fetch GET 200 https://registry.npmjs.org/@babel%2fpreset-modules 742ms (cache revalidated)
npm http fetch GET 200 https://registry.npmjs.org/@babel%2fhelper-validator-option 746ms (cache revalidated)
npm http fetch GET 200 https://registry.npmjs.org/regenerator-runtime 746ms (cache revalidated)
npm http fetch GET 200 https://registry.npmjs.org/@babel%2fplugin-transform-react-pure-annotations 750ms (cache revalidated)
npm http fetch GET 200 https://registry.npmjs.org/@babel%2fhelper-plugin-utils 765ms (cache revalidated)
npm http fetch GET 200 https://registry.npmjs.org/assert 756ms (cache revalidated)
npm http fetch GET 200 https://registry.npmjs.org/browser-resolve 756ms (cache revalidated)
npm http fetch GET 200 https://registry.npmjs.org/concat-stream 756ms (cache revalidated)
npm http fetch GET 200 https://registry.npmjs.org/@babel%2fplugin-transform-react-display-name 773ms (cache revalidated)
npm http fetch GET 200 https://registry.npmjs.org/constants-browserify 761ms (cache revalidated)
npm http fetch GET 200 https://registry.npmjs.org/@babel%2fplugin-transform-react-jsx-development 778ms (cache revalidated)
npm http fetch GET 200 https://registry.npmjs.org/@babel%2fplugin-transform-react-jsx 779ms (cache revalidated)
npm http fetch GET 200 https://registry.npmjs.org/JSONStream 771ms (cache revalidated)
npm http fetch GET 200 https://registry.npmjs.org/browser-pack 780ms (cache revalidated)
npm http fetch GET 200 https://registry.npmjs.org/console-browserify 778ms (cache revalidated)
npm http fetch GET 200 https://registry.npmjs.org/browserify-zlib 792ms (cache revalidated)
npm http fetch GET 200 https://registry.npmjs.org/events 786ms (cache revalidated)
npm http fetch GET 200 https://registry.npmjs.org/deps-sort 795ms (cache revalidated)
npm http fetch GET 200 https://registry.npmjs.org/domain-browser 798ms (cache revalidated)
npm http fetch GET 200 https://registry.npmjs.org/defined 800ms (cache revalidated)
npm http fetch GET 200 https://registry.npmjs.org/crypto-browserify 805ms (cache revalidated)
npm http fetch GET 200 https://registry.npmjs.org/cached-path-relative 808ms (cache revalidated)
npm http fetch GET 200 https://registry.npmjs.org/mkdirp-classic 807ms (cache revalidated)
npm http fetch GET 200 https://registry.npmjs.org/insert-module-globals 818ms (cache revalidated)
npm http fetch GET 200 https://registry.npmjs.org/https-browserify 820ms (cache revalidated)
npm http fetch GET 200 https://registry.npmjs.org/module-deps 817ms (cache revalidated)
npm http fetch GET 200 https://registry.npmjs.org/has 824ms (cache revalidated)
npm http fetch GET 200 https://registry.npmjs.org/labeled-stream-splicer 828ms (cache revalidated)
npm http fetch GET 200 https://registry.npmjs.org/os-browserify 829ms (cache revalidated)
npm http fetch GET 200 https://registry.npmjs.org/readable-stream 827ms (cache revalidated)
npm http fetch GET 200 https://registry.npmjs.org/querystring-es3 831ms (cache revalidated)
npm http fetch GET 200 https://registry.npmjs.org/punycode 834ms (cache revalidated)
npm http fetch GET 200 https://registry.npmjs.org/read-only-stream 847ms (cache revalidated)
npm http fetch GET 200 https://registry.npmjs.org/path-browserify 850ms (cache revalidated)
npm http fetch GET 200 https://registry.npmjs.org/parents 854ms (cache revalidated)
npm http fetch GET 200 https://registry.npmjs.org/resolve 846ms (cache revalidated)
npm http fetch GET 200 https://registry.npmjs.org/htmlescape 866ms (cache revalidated)
npm http fetch GET 200 https://registry.npmjs.org/duplexer2 873ms (cache revalidated)
npm http fetch GET 200 https://registry.npmjs.org/stream-http 861ms (cache revalidated)
npm http fetch GET 200 https://registry.npmjs.org/string_decoder 878ms (cache revalidated)
npm http fetch GET 200 https://registry.npmjs.org/shell-quote 883ms (cache revalidated)
npm http fetch GET 200 https://registry.npmjs.org/util 878ms (cache revalidated)
npm http fetch GET 200 https://registry.npmjs.org/at-least-node 873ms (cache revalidated)
npm http fetch GET 200 https://registry.npmjs.org/tty-browserify 886ms (cache revalidated)
npm http fetch GET 200 https://registry.npmjs.org/timers-browserify 888ms (cache revalidated)
npm http fetch GET 200 https://registry.npmjs.org/stream-browserify 893ms (cache revalidated)
npm http fetch GET 200 https://registry.npmjs.org/xtend 881ms (cache revalidated)
npm http fetch GET 200 https://registry.npmjs.org/vm-browserify 891ms (cache revalidated)
npm http fetch GET 200 https://registry.npmjs.org/xtend 891ms (cache revalidated)
npm http fetch GET 200 https://registry.npmjs.org/convert-source-map 893ms (cache revalidated)
npm http fetch GET 200 https://registry.npmjs.org/subarg 900ms (cache revalidated)
npm http fetch GET 200 https://registry.npmjs.org/syntax-error 906ms (cache revalidated)
npm http fetch GET 200 https://registry.npmjs.org/shasum 911ms (cache revalidated)
npm http fetch GET 200 https://registry.npmjs.org/graceful-fs 905ms (cache revalidated)
npm http fetch GET 200 https://registry.npmjs.org/readable-stream 903ms (cache revalidated)
npm http fetch GET 200 https://registry.npmjs.org/xtend 904ms (cache revalidated)
npm http fetch GET 200 https://registry.npmjs.org/universalify 911ms (cache revalidated)
npm http fetch GET 200 https://registry.npmjs.org/anymatch 907ms (cache revalidated)
npm http fetch GET 200 https://registry.npmjs.org/url 931ms (cache revalidated)
npm http fetch GET 200 https://registry.npmjs.org/outpipe 944ms (cache revalidated)
npm http fetch GET 200 https://registry.npmjs.org/jsesc 82ms (cache revalidated)
npm http fetch GET 200 https://registry.npmjs.org/picocolors 89ms (cache revalidated)
npm http fetch GET 200 https://registry.npmjs.org/globals 75ms (cache revalidated)
npm http fetch GET 200 https://registry.npmjs.org/browserslist 86ms (cache revalidated)
npm http fetch GET 200 https://registry.npmjs.org/@jridgewell%2ftrace-mapping 101ms (cache revalidated)
npm http fetch GET 200 https://registry.npmjs.org/@babel%2fhelper-simple-access 95ms (cache revalidated)
npm http fetch GET 200 https://registry.npmjs.org/@jridgewell%2ftrace-mapping 110ms (cache revalidated)
npm http fetch GET 200 https://registry.npmjs.org/@babel%2fhighlight 109ms (cache revalidated)
npm http fetch GET 200 https://registry.npmjs.org/@jridgewell%2fgen-mapping 116ms (cache revalidated)
npm http fetch GET 200 https://registry.npmjs.org/@jridgewell%2fset-array 67ms (cache revalidated)
npm http fetch GET 200 https://registry.npmjs.org/@jridgewell%2fresolve-uri 74ms (cache revalidated)
npm http fetch GET 200 https://registry.npmjs.org/@jridgewell%2fsourcemap-codec 79ms (cache revalidated)
npm http fetch GET 200 https://registry.npmjs.org/@jridgewell%2fsourcemap-codec 163ms (cache revalidated)
npm http fetch GET 200 https://registry.npmjs.org/js-tokens 51ms (cache revalidated)
npm http fetch GET 200 https://registry.npmjs.org/node-releases 67ms (cache revalidated)
npm http fetch GET 200 https://registry.npmjs.org/caniuse-lite 75ms (cache revalidated)
npm http fetch GET 200 https://registry.npmjs.org/update-browserslist-db 84ms (cache revalidated)
npm http fetch GET 200 https://registry.npmjs.org/yallist 85ms (cache revalidated)
npm http fetch GET 200 https://registry.npmjs.org/electron-to-chromium 94ms (cache revalidated)
npm http fetch GET 200 https://registry.npmjs.org/@babel%2fhelper-member-expression-to-functions 60ms (cache revalidated)
npm http fetch GET 200 https://registry.npmjs.org/@babel%2fhelper-annotate-as-pure 78ms (cache revalidated)
npm http fetch GET 200 https://registry.npmjs.org/@babel%2fhelper-skip-transparent-expression-wrappers 77ms (cache revalidated)
npm http fetch GET 200 https://registry.npmjs.org/@babel%2fhelper-optimise-call-expression 83ms (cache revalidated)
npm http fetch GET 200 https://registry.npmjs.org/@babel%2fhelper-replace-supers 86ms (cache revalidated)
npm http fetch GET 200 https://registry.npmjs.org/@babel%2fhelper-define-polyfill-provider 95ms (cache revalidated)
npm http fetch GET 200 https://registry.npmjs.org/esutils 70ms (cache revalidated)
npm http fetch GET 200 https://registry.npmjs.org/@babel%2fhelper-remap-async-to-generator 119ms (cache revalidated)
npm http fetch GET 200 https://registry.npmjs.org/regenerator-transform 84ms (cache revalidated)
npm http fetch GET 200 https://registry.npmjs.org/@babel%2fhelper-create-regexp-features-plugin 117ms (cache revalidated)
npm http fetch GET 200 https://registry.npmjs.org/@babel%2fhelper-create-regexp-features-plugin 117ms (cache revalidated)
npm http fetch GET 200 https://registry.npmjs.org/@babel%2fhelper-create-regexp-features-plugin 136ms (cache revalidated)
npm http fetch GET 200 https://registry.npmjs.org/@babel%2fhelper-builder-binary-assignment-operator-visitor 120ms (cache revalidated)
npm http fetch GET 200 https://registry.npmjs.org/@babel%2fhelper-create-regexp-features-plugin 105ms (cache revalidated)
npm http fetch GET 200 https://registry.npmjs.org/@babel%2fhelper-remap-async-to-generator 185ms (cache revalidated)
npm http fetch GET 200 https://registry.npmjs.org/regexpu-core 47ms (cache revalidated)
npm http fetch GET 200 https://registry.npmjs.org/unicode-match-property-ecmascript 73ms (cache revalidated)
npm http fetch GET 200 https://registry.npmjs.org/unicode-match-property-value-ecmascript 72ms (cache revalidated)
npm http fetch GET 200 https://registry.npmjs.org/regjsparser 76ms (cache revalidated)
npm http fetch GET 200 https://registry.npmjs.org/regenerate 83ms (cache revalidated)
npm http fetch GET 200 https://registry.npmjs.org/@babel%2fregjsgen 84ms (cache revalidated)
npm http fetch GET 200 https://registry.npmjs.org/regenerate-unicode-properties 86ms (cache revalidated)
npm http fetch GET 200 https://registry.npmjs.org/@babel%2fhelper-wrap-function 77ms (cache revalidated)
npm http fetch GET 200 https://registry.npmjs.org/@babel%2fplugin-syntax-jsx 115ms (cache revalidated)
npm http fetch GET 200 https://registry.npmjs.org/lodash.debounce 58ms (cache revalidated)
npm http fetch GET 200 https://registry.npmjs.org/path-parse 62ms (cache revalidated)
npm http fetch GET 200 https://registry.npmjs.org/supports-preserve-symlinks-flag 63ms (cache revalidated)
npm http fetch GET 200 https://registry.npmjs.org/is-core-module 82ms (cache revalidated)
npm http fetch GET 200 https://registry.npmjs.org/object.assign 151ms (cache revalidated)
npm http fetch GET 200 https://registry.npmjs.org/pako 151ms (cache revalidated)
npm http fetch GET 200 https://registry.npmjs.org/typedarray 148ms (cache revalidated)
npm http fetch GET 200 https://registry.npmjs.org/safe-buffer 156ms (cache revalidated)
npm http fetch GET 200 https://registry.npmjs.org/umd 163ms (cache revalidated)
npm http fetch GET 200 https://registry.npmjs.org/create-ecdh 153ms (cache revalidated)
npm http fetch GET 200 https://registry.npmjs.org/create-hash 156ms (cache revalidated)
npm http fetch GET 200 https://registry.npmjs.org/browserify-cipher 161ms (cache revalidated)
npm http fetch GET 200 https://registry.npmjs.org/shasum-object 157ms (cache revalidated)
npm http fetch GET 200 https://registry.npmjs.org/diffie-hellman 166ms (cache revalidated)
npm http fetch GET 200 https://registry.npmjs.org/combine-source-map 181ms (cache revalidated)
npm http fetch GET 200 https://registry.npmjs.org/browserify-sign 173ms (cache revalidated)
npm http fetch GET 200 https://registry.npmjs.org/create-hmac 172ms (cache revalidated)
npm http fetch GET 200 https://registry.npmjs.org/randombytes 169ms (cache revalidated)
npm http fetch GET 200 https://registry.npmjs.org/ieee754 198ms (cache revalidated)
npm http fetch GET 200 https://registry.npmjs.org/is-buffer 171ms (cache revalidated)
npm http fetch GET 200 https://registry.npmjs.org/combine-source-map 173ms (cache revalidated)
npm http fetch GET 200 https://registry.npmjs.org/public-encrypt 195ms (cache revalidated)
npm http fetch GET 200 https://registry.npmjs.org/pbkdf2 197ms (cache revalidated)
npm http fetch GET 200 https://registry.npmjs.org/randomfill 210ms (cache revalidated)
npm http fetch GET 200 https://registry.npmjs.org/stream-splicer 192ms (cache revalidated)
npm http fetch GET 200 https://registry.npmjs.org/safe-buffer 209ms (cache revalidated)
npm http fetch GET 200 https://registry.npmjs.org/core-util-is 211ms (cache revalidated)
npm http fetch GET 200 https://registry.npmjs.org/safe-buffer 202ms (cache revalidated)
npm http fetch GET 200 https://registry.npmjs.org/json-stable-stringify 213ms (cache revalidated)
npm http fetch GET 200 https://registry.npmjs.org/sha.js 220ms (cache revalidated)
npm http fetch GET 200 https://registry.npmjs.org/isarray 225ms (cache revalidated)
npm http fetch GET 200 https://registry.npmjs.org/process-nextick-args 225ms (cache revalidated)
npm http fetch GET 200 https://registry.npmjs.org/util-deprecate 226ms (cache revalidated)
npm http fetch GET 200 https://registry.npmjs.org/path-platform 235ms (cache revalidated)
npm http fetch GET 200 https://registry.npmjs.org/undeclared-identifiers 247ms (cache revalidated)
npm http fetch GET 200 https://registry.npmjs.org/qs 217ms (cache revalidated)
npm http fetch GET 200 https://registry.npmjs.org/jsonparse 251ms (cache revalidated)
npm http fetch GET 200 https://registry.npmjs.org/detective 250ms (cache revalidated)
npm http fetch GET 200 https://registry.npmjs.org/stream-combiner2 251ms (cache revalidated)
npm http fetch GET 200 https://registry.npmjs.org/builtin-status-codes 260ms (cache revalidated)
npm http fetch GET 200 https://registry.npmjs.org/acorn-node 729ms (cache revalidated)
npm http fetch GET 200 https://registry.npmjs.org/acorn-node 825ms (cache revalidated)
npm http fetch GET 200 https://registry.npmjs.org/has-symbols 68ms (cache revalidated)
npm http fetch GET 200 https://registry.npmjs.org/call-bind 79ms (cache revalidated)
npm http fetch GET 200 https://registry.npmjs.org/define-properties 78ms (cache revalidated)
npm http fetch GET 200 https://registry.npmjs.org/object-keys 83ms (cache revalidated)
npm http fetch GET 200 https://registry.npmjs.org/inline-source-map 81ms (cache revalidated)
npm http fetch GET 200 https://registry.npmjs.org/lodash.memoize 83ms (cache revalidated)
npm http fetch GET 200 https://registry.npmjs.org/escalade 51ms (cache revalidated)
npm http fetch GET 200 https://registry.npmjs.org/https-proxy-agent 190ms (cache revalidated)
npm http fetch GET 200 https://registry.npmjs.org/buffer-crc32 204ms (cache revalidated)
npm http fetch GET 200 https://registry.npmjs.org/ini 185ms (cache revalidated)
npm http fetch GET 200 https://registry.npmjs.org/archiver-utils 214ms (cache revalidated)
npm http fetch GET 200 https://registry.npmjs.org/tar-stream 218ms (cache revalidated)
npm http fetch GET 200 https://registry.npmjs.org/make-dir 205ms (cache revalidated)
npm http fetch GET 200 https://registry.npmjs.org/agent-base 213ms (cache revalidated)
npm http fetch GET 200 https://registry.npmjs.org/decompress-tar 212ms (cache revalidated)
npm http fetch GET 200 https://registry.npmjs.org/readdir-glob 228ms (cache revalidated)
npm http fetch GET 200 https://registry.npmjs.org/zip-stream 228ms (cache revalidated)
npm http fetch GET 200 https://registry.npmjs.org/pify 215ms (cache revalidated)
npm http fetch GET 200 https://registry.npmjs.org/decompress-targz 231ms (cache revalidated)
npm http fetch GET 200 https://registry.npmjs.org/ps-tree 240ms (cache revalidated)
npm http fetch GET 200 https://registry.npmjs.org/decompress-tarbz2 236ms (cache revalidated)
npm http fetch GET 200 https://registry.npmjs.org/@types%2fnode 236ms (cache revalidated)
npm http fetch GET 200 https://registry.npmjs.org/event-pubsub 256ms (cache revalidated)
npm http fetch GET 200 https://registry.npmjs.org/decompress-unzip 270ms (cache revalidated)
npm http fetch GET 200 https://registry.npmjs.org/caseless 254ms (cache revalidated)
npm http fetch GET 200 https://registry.npmjs.org/aws4 256ms (cache revalidated)
npm http fetch GET 200 https://registry.npmjs.org/js-message 259ms (cache revalidated)
npm http fetch GET 200 https://registry.npmjs.org/extend 256ms (cache revalidated)
npm http fetch GET 200 https://registry.npmjs.org/form-data 257ms (cache revalidated)
npm http fetch GET 200 https://registry.npmjs.org/strip-dirs 274ms (cache revalidated)
npm http fetch GET 200 https://registry.npmjs.org/oauth-sign 271ms (cache revalidated)
npm http fetch GET 200 https://registry.npmjs.org/isstream 274ms (cache revalidated)
npm http fetch GET 200 https://registry.npmjs.org/aws-sign2 274ms (cache revalidated)
npm http fetch GET 200 https://registry.npmjs.org/is-typedarray 271ms (cache revalidated)
npm http fetch GET 200 https://registry.npmjs.org/http-signature 284ms (cache revalidated)
npm http fetch GET 200 https://registry.npmjs.org/mime-types 291ms (cache revalidated)
npm http fetch GET 200 https://registry.npmjs.org/tunnel-agent 290ms (cache revalidated)
npm http fetch GET 200 https://registry.npmjs.org/har-validator 289ms (cache revalidated)
npm http fetch GET 200 https://registry.npmjs.org/performance-now 289ms (cache revalidated)
npm http fetch GET 200 https://registry.npmjs.org/forever-agent 297ms (cache revalidated)
npm http fetch GET 200 https://registry.npmjs.org/ajv 289ms (cache revalidated)
npm http fetch GET 200 https://registry.npmjs.org/slice-ansi 293ms (cache revalidated)
npm http fetch GET 200 https://registry.npmjs.org/json-stringify-safe 302ms (cache revalidated)
npm http fetch GET 200 https://registry.npmjs.org/combined-stream 307ms (cache revalidated)
npm http fetch GET 200 https://registry.npmjs.org/tough-cookie 312ms (cache revalidated)
npm http fetch GET 200 https://registry.npmjs.org/pupa 312ms (cache revalidated)
npm http fetch GET 200 https://registry.npmjs.org/boxen 320ms (cache revalidated)
npm http fetch GET 200 https://registry.npmjs.org/xdg-basedir 317ms (cache revalidated)
npm http fetch GET 200 https://registry.npmjs.org/import-lazy 321ms (cache revalidated)
npm http fetch GET 200 https://registry.npmjs.org/extend 331ms (cache revalidated)
npm http fetch GET 200 https://registry.npmjs.org/is-npm 326ms (cache revalidated)
npm http fetch GET 200 https://registry.npmjs.org/cycle 321ms (cache revalidated)
npm http fetch GET 200 https://registry.npmjs.org/isstream 327ms (cache revalidated)
npm http fetch GET 200 https://registry.npmjs.org/eyes 329ms (cache revalidated)
npm http fetch GET 200 https://registry.npmjs.org/latest-version 348ms (cache revalidated)
npm http fetch GET 200 https://registry.npmjs.org/decamelize 342ms (cache revalidated)
npm http fetch GET 200 https://registry.npmjs.org/y18n 352ms (cache revalidated)
npm http fetch GET 200 https://registry.npmjs.org/require-directory 353ms (cache revalidated)
npm http fetch GET 200 https://registry.npmjs.org/stack-trace 361ms (cache revalidated)
npm http fetch GET 200 https://registry.npmjs.org/cliui 360ms (cache revalidated)
npm http fetch GET 200 https://registry.npmjs.org/set-blocking 368ms (cache revalidated)
npm http fetch GET 200 https://registry.npmjs.org/configstore 382ms (cache revalidated)
npm http fetch GET 200 https://registry.npmjs.org/require-main-filename 391ms (cache revalidated)
npm http fetch GET 200 https://registry.npmjs.org/semver-diff 408ms (cache revalidated)
npm http fetch GET 200 https://registry.npmjs.org/get-caller-file 400ms (cache revalidated)
npm http fetch GET 200 https://registry.npmjs.org/which-module 402ms (cache revalidated)
npm http fetch GET 200 https://registry.npmjs.org/temp-fs 726ms (cache revalidated)
npm http fetch GET 200 https://registry.npmjs.org/js-queue 711ms (cache revalidated)
npm http fetch GET 200 https://registry.npmjs.org/is-in-ci 801ms (cache revalidated)
npm http fetch GET 200 https://registry.npmjs.org/is-running 866ms (cache revalidated)
npm http fetch GET 200 https://registry.npmjs.org/lodash.defaults 86ms (cache revalidated)
npm http fetch GET 200 https://registry.npmjs.org/lazystream 88ms (cache revalidated)
npm http fetch GET 200 https://registry.npmjs.org/lodash.isplainobject 86ms (cache revalidated)
npm http fetch GET 200 https://registry.npmjs.org/lodash.union 96ms (cache revalidated)
npm http fetch GET 200 https://registry.npmjs.org/end-of-stream 88ms (cache revalidated)
npm http fetch GET 200 https://registry.npmjs.org/lodash.difference 109ms (cache revalidated)
npm http fetch GET 200 https://registry.npmjs.org/compress-commons 88ms (cache revalidated)
npm http fetch GET 200 https://registry.npmjs.org/normalize-path 106ms (cache revalidated)
npm http fetch GET 200 https://registry.npmjs.org/lodash.flatten 123ms (cache revalidated)
npm http fetch GET 200 https://registry.npmjs.org/fs-constants 116ms (cache revalidated)
npm http fetch GET 200 https://registry.npmjs.org/bl 123ms (cache revalidated)
npm http fetch GET 200 https://registry.npmjs.org/rimraf 45ms (cache revalidated)
npm http fetch GET 200 https://registry.npmjs.org/event-stream 98ms (cache revalidated)
npm http fetch GET 200 https://registry.npmjs.org/lower-case 82ms (cache revalidated)
npm http fetch GET 200 https://registry.npmjs.org/color-convert 61ms (cache revalidated)
npm http fetch GET 200 https://registry.npmjs.org/is-fullwidth-code-point 66ms (cache revalidated)
npm http fetch GET 200 https://registry.npmjs.org/emoji-regex 76ms (cache revalidated)
npm http fetch GET 200 https://registry.npmjs.org/error-ex 54ms (cache revalidated)
npm http fetch GET 200 https://registry.npmjs.org/lines-and-columns 53ms (cache revalidated)
npm http fetch GET 200 https://registry.npmjs.org/json-parse-even-better-errors 64ms (cache revalidated)
npm http fetch GET 200 https://registry.npmjs.org/parent-module 70ms (cache revalidated)
npm http fetch GET 200 https://registry.npmjs.org/argparse 79ms (cache revalidated)
npm http fetch GET 200 https://registry.npmjs.org/elliptic 80ms (cache revalidated)
npm http fetch GET 200 https://registry.npmjs.org/browserify-rsa 126ms (cache revalidated)
npm http fetch GET 200 https://registry.npmjs.org/parse-asn1 124ms (cache revalidated)
npm http fetch GET 200 https://registry.npmjs.org/parse-asn1 111ms (cache revalidated)
npm http fetch GET 200 https://registry.npmjs.org/bn.js 125ms (cache revalidated)
npm http fetch GET 200 https://registry.npmjs.org/hash-base 129ms (cache revalidated)
npm http fetch GET 200 https://registry.npmjs.org/browserify-aes 135ms (cache revalidated)
npm http fetch GET 200 https://registry.npmjs.org/cipher-base 122ms (cache revalidated)
npm http fetch GET 200 https://registry.npmjs.org/elliptic 127ms (cache revalidated)
npm http fetch GET 200 https://registry.npmjs.org/bn.js 134ms (cache revalidated)
npm http fetch GET 200 https://registry.npmjs.org/evp_bytestokey 138ms (cache revalidated)
npm http fetch GET 200 https://registry.npmjs.org/md5.js 128ms (cache revalidated)
npm http fetch GET 200 https://registry.npmjs.org/ripemd160 127ms (cache revalidated)
npm http fetch GET 200 https://registry.npmjs.org/browserify-rsa 128ms (cache revalidated)
npm http fetch GET 200 https://registry.npmjs.org/browserify-des 148ms (cache revalidated)
npm http fetch GET 200 https://registry.npmjs.org/miller-rabin 132ms (cache revalidated)
npm http fetch GET 200 https://registry.npmjs.org/cipher-base 153ms (cache revalidated)
npm http fetch GET 200 https://registry.npmjs.org/ripemd160 158ms (cache revalidated)
npm http fetch GET 200 https://registry.npmjs.org/des.js 69ms (cache revalidated)
npm http fetch GET 200 https://registry.npmjs.org/buffer-xor 103ms (cache revalidated)
npm http fetch GET 200 https://registry.npmjs.org/minimalistic-assert 53ms (cache revalidated)
npm http fetch GET 200 https://registry.npmjs.org/asn1.js 78ms (cache revalidated)
npm http fetch GET 200 https://registry.npmjs.org/brorand 90ms (cache revalidated)
npm http fetch GET 200 https://registry.npmjs.org/minimalistic-crypto-utils 93ms (cache revalidated)
npm http fetch GET 200 https://registry.npmjs.org/hmac-drbg 99ms (cache revalidated)
npm http fetch GET 200 https://registry.npmjs.org/hash.js 103ms (cache revalidated)
npm http fetch GET 200 https://registry.npmjs.org/restore-cursor 104ms (cache revalidated)
npm http fetch GET 200 https://registry.npmjs.org/cross-spawn 104ms (cache revalidated)
npm http fetch GET 200 https://registry.npmjs.org/npm-run-path 104ms (cache revalidated)
npm http fetch GET 200 https://registry.npmjs.org/get-stream 108ms (cache revalidated)
npm http fetch GET 200 https://registry.npmjs.org/merge-stream 112ms (cache revalidated)
npm http fetch GET 200 https://registry.npmjs.org/signal-exit 113ms (cache revalidated)
npm http fetch GET 200 https://registry.npmjs.org/onetime 119ms (cache revalidated)
npm http fetch GET 200 https://registry.npmjs.org/lodash.once 135ms (cache revalidated)
npm http fetch GET 200 https://registry.npmjs.org/human-signals 117ms (cache revalidated)
npm http fetch GET 200 https://registry.npmjs.org/ci-info 112ms (cache revalidated)
npm http fetch GET 200 https://registry.npmjs.org/strip-final-newline 118ms (cache revalidated)
npm http fetch GET 200 https://registry.npmjs.org/rxjs 111ms (cache revalidated)
npm http fetch GET 200 https://registry.npmjs.org/rfdc 119ms (cache revalidated)
npm http fetch GET 200 https://registry.npmjs.org/colorette 116ms (cache revalidated)
npm http fetch GET 200 https://registry.npmjs.org/@types%2fyauzl 127ms (cache revalidated)
npm http fetch GET 200 https://registry.npmjs.org/wrap-ansi 118ms (cache revalidated)
npm http fetch GET 200 https://registry.npmjs.org/get-stream 130ms (cache revalidated)
npm http fetch GET 200 https://registry.npmjs.org/p-map 125ms (cache revalidated)
npm http fetch GET 200 https://registry.npmjs.org/cli-truncate 124ms (cache revalidated)
npm http fetch GET 200 https://registry.npmjs.org/log-update 127ms (cache revalidated)
npm http fetch GET 200 https://registry.npmjs.org/fd-slicer 120ms (cache revalidated)
npm http fetch GET 200 https://registry.npmjs.org/throttleit 140ms (cache revalidated)
npm http fetch GET 200 https://registry.npmjs.org/is-unicode-supported 178ms (cache revalidated)
npm http fetch GET 200 https://registry.npmjs.org/delayed-stream 79ms (cache revalidated)
npm http fetch GET 200 https://registry.npmjs.org/sshpk 76ms (cache revalidated)
npm http fetch GET 200 https://registry.npmjs.org/psl 71ms (cache revalidated)
npm http fetch GET 200 https://registry.npmjs.org/mime-db 78ms (cache revalidated)
npm http fetch GET 200 https://registry.npmjs.org/assert-plus 86ms (cache revalidated)
npm http fetch GET 200 https://registry.npmjs.org/side-channel 78ms (cache revalidated)
npm http fetch GET 200 https://registry.npmjs.org/url-parse 77ms (cache revalidated)
npm http fetch GET 200 https://registry.npmjs.org/asynckit 96ms (cache revalidated)
npm http fetch GET 200 https://registry.npmjs.org/jsprim 108ms (cache revalidated)
npm http fetch GET 200 https://registry.npmjs.org/seek-bzip 73ms (cache revalidated)
npm http fetch GET 200 https://registry.npmjs.org/file-type 92ms (cache revalidated)
npm http fetch GET 200 https://registry.npmjs.org/file-type 90ms (cache revalidated)
npm http fetch GET 200 https://registry.npmjs.org/unbzip2-stream 99ms (cache revalidated)
npm http fetch GET 200 https://registry.npmjs.org/file-type 123ms (cache revalidated)
npm http fetch GET 200 https://registry.npmjs.org/is-natural-number 126ms (cache revalidated)
npm http fetch GET 200 https://registry.npmjs.org/to-buffer 105ms (cache revalidated)
npm http fetch GET 200 https://registry.npmjs.org/buffer-alloc 113ms (cache revalidated)
npm http fetch GET 200 https://registry.npmjs.org/pinkie-promise 53ms (cache revalidated)
npm http fetch GET 200 https://registry.npmjs.org/fast-safe-stringify 73ms (cache revalidated)
npm http fetch GET 200 https://registry.npmjs.org/which 83ms (cache revalidated)
npm http fetch GET 200 https://registry.npmjs.org/pump 83ms (cache revalidated)
npm http fetch GET 200 https://registry.npmjs.org/shebang-command 87ms (cache revalidated)
npm http fetch GET 200 https://registry.npmjs.org/mimic-fn 90ms (cache revalidated)
npm http fetch GET 200 https://registry.npmjs.org/path-key 643ms (cache revalidated)
npm http fetch GET 200 https://registry.npmjs.org/path-key 646ms (cache revalidated)
npm http fetch GET 200 https://registry.npmjs.org/isexe 51ms (cache revalidated)
npm http fetch GET 200 https://registry.npmjs.org/shebang-regex 55ms (cache revalidated)
npm http fetch GET 200 https://registry.npmjs.org/undici-types 48ms (cache revalidated)
npm http fetch GET 200 https://registry.npmjs.org/pinkie 58ms (cache revalidated)
npm http fetch GET 200 https://registry.npmjs.org/@pkgjs%2fparseargs 108ms (cache revalidated)
npm http fetch GET 200 https://registry.npmjs.org/@isaacs%2fcliui 111ms (cache revalidated)
npm http fetch GET 200 https://registry.npmjs.org/safer-buffer 66ms (cache revalidated)
npm http fetch GET 200 https://registry.npmjs.org/dashdash 74ms (cache revalidated)
npm http fetch GET 200 https://registry.npmjs.org/json-schema 80ms (cache revalidated)
npm http fetch GET 200 https://registry.npmjs.org/getpass 75ms (cache revalidated)
npm http fetch GET 200 https://registry.npmjs.org/bcrypt-pbkdf 71ms (cache revalidated)
npm http fetch GET 200 https://registry.npmjs.org/verror 83ms (cache revalidated)
npm http fetch GET 200 https://registry.npmjs.org/tweetnacl 74ms (cache revalidated)
npm http fetch GET 200 https://registry.npmjs.org/extsprintf 88ms (cache revalidated)
npm http fetch GET 200 https://registry.npmjs.org/jsbn 81ms (cache revalidated)
npm http fetch GET 200 https://registry.npmjs.org/asn1 96ms (cache revalidated)
npm http fetch GET 200 https://registry.npmjs.org/ecc-jsbn 94ms (cache revalidated)
npm http fetch GET 200 https://registry.npmjs.org/callsites 46ms (cache revalidated)
npm http fetch GET 200 https://registry.npmjs.org/simple-concat 70ms (cache revalidated)
npm http fetch GET 200 https://registry.npmjs.org/acorn-walk 81ms (cache revalidated)
npm http fetch GET 200 https://registry.npmjs.org/dash-ast 81ms (cache revalidated)
npm http fetch GET 200 https://registry.npmjs.org/get-assigned-identifiers 80ms (cache revalidated)
npm http fetch GET 200 https://registry.npmjs.org/acorn 94ms (cache revalidated)
npm http fetch GET 200 https://registry.npmjs.org/eastasianwidth 92ms (cache revalidated)
npm http fetch GET 200 https://registry.npmjs.org/ansi-escapes 61ms (cache revalidated)
npm http fetch GET 200 https://registry.npmjs.org/aggregate-error 74ms (cache revalidated)
npm http fetch GET 200 https://registry.npmjs.org/astral-regex 45ms (cache revalidated)
npm http fetch GET 200 https://registry.npmjs.org/concat-map 46ms (cache revalidated)
npm http fetch GET 200 https://registry.npmjs.org/balanced-match 58ms (cache revalidated)
npm http fetch GET 200 https://registry.npmjs.org/camelcase 95ms (cache revalidated)
npm http fetch GET 200 https://registry.npmjs.org/is-plain-obj 94ms (cache revalidated)
npm http fetch GET 200 https://registry.npmjs.org/is-binary-path 123ms (cache revalidated)
npm http fetch GET 200 https://registry.npmjs.org/braces 125ms (cache revalidated)
npm http fetch GET 200 https://registry.npmjs.org/locate-path 116ms (cache revalidated)
npm http fetch GET 200 https://registry.npmjs.org/glob-parent 126ms (cache revalidated)
npm http fetch GET 200 https://registry.npmjs.org/is-glob 124ms (cache revalidated)
npm http fetch GET 200 https://registry.npmjs.org/readdirp 124ms (cache revalidated)
npm http fetch GET 200 https://registry.npmjs.org/path-exists 118ms (cache revalidated)
npm http fetch GET 200 https://registry.npmjs.org/fsevents 124ms (cache revalidated)
npm http fetch GET 200 https://registry.npmjs.org/flat 380ms (cache revalidated)
npm http fetch GET 200 https://registry.npmjs.org/is-extglob 53ms (cache revalidated)
npm http fetch GET 200 https://registry.npmjs.org/binary-extensions 62ms (cache revalidated)
npm http fetch GET 200 https://registry.npmjs.org/picomatch 57ms (cache revalidated)
npm http fetch GET 200 https://registry.npmjs.org/fill-range 71ms (cache revalidated)
npm http fetch GET 200 https://registry.npmjs.org/picomatch 78ms (cache revalidated)
npm http fetch GET 200 https://registry.npmjs.org/to-regex-range 71ms (cache revalidated)
npm http fetch GET 200 https://registry.npmjs.org/is-number 52ms (cache revalidated)
npm http fetch GET 200 https://registry.npmjs.org/p-locate 100ms (cache revalidated)
npm http fetch GET 200 https://registry.npmjs.org/p-limit 94ms (cache revalidated)
npm http fetch GET 200 https://registry.npmjs.org/is-docker 58ms (cache revalidated)
npm http fetch GET 200 https://registry.npmjs.org/traverse-chain 78ms (cache revalidated)
npm http fetch GET 200 https://registry.npmjs.org/is-wsl 68ms (cache revalidated)
npm http fetch GET 200 https://registry.npmjs.org/define-lazy-prop 100ms (cache revalidated)
npm http fetch GET 200 https://registry.npmjs.org/thenify 57ms (cache revalidated)
npm http fetch GET 200 https://registry.npmjs.org/easy-stack 76ms (cache revalidated)
npm http fetch GET 200 https://registry.npmjs.org/function-bind 68ms (cache revalidated)
npm http fetch GET 200 https://registry.npmjs.org/set-function-length 66ms (cache revalidated)
npm http fetch GET 200 https://registry.npmjs.org/es-errors 72ms (cache revalidated)
npm http fetch GET 200 https://registry.npmjs.org/get-intrinsic 74ms (cache revalidated)
npm http fetch GET 200 https://registry.npmjs.org/es-define-property 79ms (cache revalidated)
npm http fetch GET 200 https://registry.npmjs.org/has-property-descriptors 70ms (cache revalidated)
npm http fetch GET 200 https://registry.npmjs.org/define-data-property 75ms (cache revalidated)
npm http fetch GET 200 https://registry.npmjs.org/hasown 73ms (cache revalidated)
npm http fetch GET 200 https://registry.npmjs.org/has-proto 75ms (cache revalidated)
npm http fetch GET 200 https://registry.npmjs.org/gopd 72ms (cache revalidated)
npm http fetch GET 200 https://registry.npmjs.org/yocto-queue 59ms (cache revalidated)
npm http fetch GET 200 https://registry.npmjs.org/clean-stack 146ms (cache revalidated)
npm http fetch GET 200 https://registry.npmjs.org/is-arrayish 51ms (cache revalidated)
npm http fetch GET 200 https://registry.npmjs.org/duplexer 62ms (cache revalidated)
npm http fetch GET 200 https://registry.npmjs.org/from 62ms (cache revalidated)
npm http fetch GET 200 https://registry.npmjs.org/stream-combiner 80ms (cache revalidated)
npm http fetch GET 200 https://registry.npmjs.org/map-stream 88ms (cache revalidated)
npm http fetch GET 200 https://registry.npmjs.org/pause-stream 94ms (cache revalidated)
npm http fetch GET 200 https://registry.npmjs.org/object-inspect 44ms (cache revalidated)
npm http fetch GET 200 https://registry.npmjs.org/normalize-package-data 64ms (cache revalidated)
npm http fetch GET 200 https://registry.npmjs.org/@types%2fnormalize-package-data 121ms (cache revalidated)
npm http fetch GET 200 https://registry.npmjs.org/hosted-git-info 92ms (cache revalidated)
npm http fetch GET 200 https://registry.npmjs.org/validate-npm-package-license 92ms (cache revalidated)
npm http fetch GET 200 https://registry.npmjs.org/spdx-correct 82ms (cache revalidated)
npm http fetch GET 200 https://registry.npmjs.org/spdx-expression-parse 83ms (cache revalidated)
npm http fetch GET 200 https://registry.npmjs.org/unicode-property-aliases-ecmascript 47ms (cache revalidated)
npm http fetch GET 200 https://registry.npmjs.org/unicode-canonical-property-names-ecmascript 64ms (cache revalidated)
npm http fetch GET 200 https://registry.npmjs.org/har-schema 116ms (cache revalidated)
npm http fetch GET 200 https://registry.npmjs.org/uri-js 61ms (cache revalidated)
npm http fetch GET 200 https://registry.npmjs.org/fast-json-stable-stringify 60ms (cache revalidated)
npm http fetch GET 200 https://registry.npmjs.org/fast-deep-equal 67ms (cache revalidated)
npm http fetch GET 200 https://registry.npmjs.org/json-schema-traverse 79ms (cache revalidated)
npm http fetch GET 200 https://registry.npmjs.org/jsonify 49ms (cache revalidated)
npm http fetch GET 200 https://registry.npmjs.org/wrappy 53ms (cache revalidated)
npm http fetch GET 200 https://registry.npmjs.org/requires-port 51ms (cache revalidated)
npm http fetch GET 200 https://registry.npmjs.org/querystringify 59ms (cache revalidated)
npm http fetch GET 200 https://registry.npmjs.org/dot-prop 66ms (cache revalidated)
npm http fetch GET 200 https://registry.npmjs.org/package-json 61ms (cache revalidated)
npm http fetch GET 200 https://registry.npmjs.org/unique-string 66ms (cache revalidated)
npm http fetch GET 200 https://registry.npmjs.org/write-file-atomic 69ms (cache revalidated)
npm http fetch GET 200 https://registry.npmjs.org/ansi-align 89ms (cache revalidated)
npm http fetch GET 200 https://registry.npmjs.org/cli-boxes 95ms (cache revalidated)
npm http fetch GET 200 https://registry.npmjs.org/widest-line 95ms (cache revalidated)
npm http fetch GET 200 https://registry.npmjs.org/escape-goat 98ms (cache revalidated)
npm http fetch GET 200 https://registry.npmjs.org/imurmurhash 51ms (cache revalidated)
npm http fetch GET 200 https://registry.npmjs.org/is-obj 56ms (cache revalidated)
npm http fetch GET 200 https://registry.npmjs.org/typedarray-to-buffer 54ms (cache revalidated)
npm http fetch GET 200 https://registry.npmjs.org/crypto-random-string 61ms (cache revalidated)
npm http fetch GET 200 https://registry.npmjs.org/registry-url 51ms (cache revalidated)
npm http fetch GET 200 https://registry.npmjs.org/got 65ms (cache revalidated)
npm http fetch GET 200 https://registry.npmjs.org/registry-auth-token 87ms (cache revalidated)
npm http fetch GET 200 https://registry.npmjs.org/http2-wrapper 92ms (cache revalidated)
npm http fetch GET 200 https://registry.npmjs.org/p-cancelable 95ms (cache revalidated)
npm http fetch GET 200 https://registry.npmjs.org/lowercase-keys 98ms (cache revalidated)
npm http fetch GET 200 https://registry.npmjs.org/rc 101ms (cache revalidated)
npm http fetch GET 200 https://registry.npmjs.org/cacheable-lookup 109ms (cache revalidated)
npm http fetch GET 200 https://registry.npmjs.org/decompress-response 110ms (cache revalidated)
npm http fetch GET 200 https://registry.npmjs.org/cacheable-request 116ms (cache revalidated)
npm http fetch GET 200 https://registry.npmjs.org/@szmarczak%2fhttp-timer 125ms (cache revalidated)
npm http fetch GET 200 https://registry.npmjs.org/responselike 131ms (cache revalidated)
npm http fetch GET 200 https://registry.npmjs.org/form-data-encoder 135ms (cache revalidated)
npm http fetch GET 200 https://registry.npmjs.org/@pnpm%2fnpm-conf 172ms (cache revalidated)
npm http fetch GET 200 https://registry.npmjs.org/@sindresorhus%2fis 245ms (cache revalidated)
npm http fetch GET 200 https://registry.npmjs.org/mimic-response 62ms (cache revalidated)
npm http fetch GET 200 https://registry.npmjs.org/http-cache-semantics 70ms (cache revalidated)
npm http fetch GET 200 https://registry.npmjs.org/defer-to-connect 87ms (cache revalidated)
npm http fetch GET 200 https://registry.npmjs.org/resolve-alpn 67ms (cache revalidated)
npm http fetch GET 200 https://registry.npmjs.org/keyv 79ms (cache revalidated)
npm http fetch GET 200 https://registry.npmjs.org/mimic-response 79ms (cache revalidated)
npm http fetch GET 200 https://registry.npmjs.org/quick-lru 72ms (cache revalidated)
npm http fetch GET 200 https://registry.npmjs.org/normalize-url 95ms (cache revalidated)
npm http fetch GET 200 https://registry.npmjs.org/@types%2fhttp-cache-semantics 115ms (cache revalidated)
npm http fetch GET 200 https://registry.npmjs.org/json-buffer 72ms (cache revalidated)
npm http fetch GET 200 https://registry.npmjs.org/config-chain 59ms (cache revalidated)
npm http fetch GET 200 https://registry.npmjs.org/@pnpm%2fconfig.env-replace 149ms (cache revalidated)
npm http fetch GET 200 https://registry.npmjs.org/@pnpm%2fnetwork.ca-file 173ms (cache revalidated)
npm http fetch GET 200 https://registry.npmjs.org/proto-list 68ms (cache revalidated)
npm http fetch GET 200 https://registry.npmjs.org/deep-extend 83ms (cache revalidated)
npm http fetch GET 200 https://registry.npmjs.org/spdx-license-ids 64ms (cache revalidated)
npm http fetch GET 200 https://registry.npmjs.org/spdx-exceptions 65ms (cache revalidated)
npm http fetch GET 200 https://registry.npmjs.org/pend 56ms (cache revalidated)
npm http fetch GET 200 https://registry.npmjs.org/crc32-stream 86ms (cache revalidated)
npm http fetch GET 200 https://registry.npmjs.org/crc-32 75ms (cache revalidated)
npm http fetch GET 200 https://registry.npmjs.org/color-name 63ms (cache revalidated)
npm http fetch GET 200 https://registry.npmjs.org/buffer-fill 68ms (cache revalidated)
npm http fetch GET 200 https://registry.npmjs.org/buffer-alloc-unsafe 69ms (cache revalidated)
npm http fetch GET 200 https://registry.npmjs.org/p-try 65ms (cache revalidated)
npm http fetch GET 200 https://registry.npmjs.org/is-generator-function 49ms (cache revalidated)
npm http fetch GET 200 https://registry.npmjs.org/is-typed-array 55ms (cache revalidated)
npm http fetch GET 200 https://registry.npmjs.org/which-typed-array 56ms (cache revalidated)
npm http fetch GET 200 https://registry.npmjs.org/is-arguments 59ms (cache revalidated)
npm http fetch GET 200 https://registry.npmjs.org/available-typed-arrays 54ms (cache revalidated)
npm http fetch GET 200 https://registry.npmjs.org/for-each 67ms (cache revalidated)
npm http fetch GET 200 https://registry.npmjs.org/has-tostringtag 74ms (cache revalidated)
npm http fetch GET 200 https://registry.npmjs.org/has-tostringtag 77ms (cache revalidated)
npm http fetch GET 200 https://registry.npmjs.org/is-callable 49ms (cache revalidated)
npm http fetch GET 200 https://registry.npmjs.org/possible-typed-array-names 84ms (cache revalidated)
npm verb reify failed optional dependency C:\Users\walek\Desktop\Cohort4\Cohort-4-Project\tmpBstackPackages\node_modules\fsevents
npm verb reify failed optional dependency C:\Users\walek\Desktop\Cohort4\Cohort-4-Project\tmpBstackPackages\node_modules\@esbuild\win32-ia32
npm verb reify failed optional dependency C:\Users\walek\Desktop\Cohort4\Cohort-4-Project\tmpBstackPackages\node_modules\@esbuild\win32-arm64
npm verb reify failed optional dependency C:\Users\walek\Desktop\Cohort4\Cohort-4-Project\tmpBstackPackages\node_modules\@esbuild\sunos-x64
npm verb reify failed optional dependency C:\Users\walek\Desktop\Cohort4\Cohort-4-Project\tmpBstackPackages\node_modules\@esbuild\openbsd-x64
npm verb reify failed optional dependency C:\Users\walek\Desktop\Cohort4\Cohort-4-Project\tmpBstackPackages\node_modules\@esbuild\openbsd-arm64
npm verb reify failed optional dependency C:\Users\walek\Desktop\Cohort4\Cohort-4-Project\tmpBstackPackages\node_modules\@esbuild\netbsd-x64
npm verb reify failed optional dependency C:\Users\walek\Desktop\Cohort4\Cohort-4-Project\tmpBstackPackages\node_modules\@esbuild\linux-x64
npm verb reify failed optional dependency C:\Users\walek\Desktop\Cohort4\Cohort-4-Project\tmpBstackPackages\node_modules\@esbuild\linux-s390x
npm verb reify failed optional dependency C:\Users\walek\Desktop\Cohort4\Cohort-4-Project\tmpBstackPackages\node_modules\@esbuild\linux-riscv64
npm verb reify failed optional dependency C:\Users\walek\Desktop\Cohort4\Cohort-4-Project\tmpBstackPackages\node_modules\@esbuild\linux-ppc64
npm verb reify failed optional dependency C:\Users\walek\Desktop\Cohort4\Cohort-4-Project\tmpBstackPackages\node_modules\@esbuild\linux-mips64el
npm verb reify failed optional dependency C:\Users\walek\Desktop\Cohort4\Cohort-4-Project\tmpBstackPackages\node_modules\@esbuild\linux-loong64
npm verb reify failed optional dependency C:\Users\walek\Desktop\Cohort4\Cohort-4-Project\tmpBstackPackages\node_modules\@esbuild\linux-ia32
npm verb reify failed optional dependency C:\Users\walek\Desktop\Cohort4\Cohort-4-Project\tmpBstackPackages\node_modules\@esbuild\linux-arm64
npm verb reify failed optional dependency C:\Users\walek\Desktop\Cohort4\Cohort-4-Project\tmpBstackPackages\node_modules\@esbuild\linux-arm
npm verb reify failed optional dependency C:\Users\walek\Desktop\Cohort4\Cohort-4-Project\tmpBstackPackages\node_modules\@esbuild\freebsd-x64
npm verb reify failed optional dependency C:\Users\walek\Desktop\Cohort4\Cohort-4-Project\tmpBstackPackages\node_modules\@esbuild\freebsd-arm64
npm verb reify failed optional dependency C:\Users\walek\Desktop\Cohort4\Cohort-4-Project\tmpBstackPackages\node_modules\@esbuild\darwin-x64
npm verb reify failed optional dependency C:\Users\walek\Desktop\Cohort4\Cohort-4-Project\tmpBstackPackages\node_modules\@esbuild\darwin-arm64
npm verb reify failed optional dependency C:\Users\walek\Desktop\Cohort4\Cohort-4-Project\tmpBstackPackages\node_modules\@esbuild\android-x64
npm verb reify failed optional dependency C:\Users\walek\Desktop\Cohort4\Cohort-4-Project\tmpBstackPackages\node_modules\@esbuild\android-arm64
npm verb reify failed optional dependency C:\Users\walek\Desktop\Cohort4\Cohort-4-Project\tmpBstackPackages\node_modules\@esbuild\android-arm
npm verb reify failed optional dependency C:\Users\walek\Desktop\Cohort4\Cohort-4-Project\tmpBstackPackages\node_modules\@esbuild\aix-ppc64
npm verb reify failed optional dependency C:\Users\walek\Desktop\Cohort4\Cohort-4-Project\tmpBstackPackages\node_modules\@badeball\cypress-configuration\node_modules\@esbuild\win32-ia32
npm verb reify failed optional dependency C:\Users\walek\Desktop\Cohort4\Cohort-4-Project\tmpBstackPackages\node_modules\@badeball\cypress-configuration\node_modules\@esbuild\win32-arm64
npm verb reify failed optional dependency C:\Users\walek\Desktop\Cohort4\Cohort-4-Project\tmpBstackPackages\node_modules\@badeball\cypress-configuration\node_modules\@esbuild\sunos-x64
npm verb reify failed optional dependency C:\Users\walek\Desktop\Cohort4\Cohort-4-Project\tmpBstackPackages\node_modules\@badeball\cypress-configuration\node_modules\@esbuild\openbsd-x64
npm verb reify failed optional dependency C:\Users\walek\Desktop\Cohort4\Cohort-4-Project\tmpBstackPackages\node_modules\@badeball\cypress-configuration\node_modules\@esbuild\netbsd-x64
npm verb reify failed optional dependency C:\Users\walek\Desktop\Cohort4\Cohort-4-Project\tmpBstackPackages\node_modules\@badeball\cypress-configuration\node_modules\@esbuild\linux-x64
npm verb reify failed optional dependency C:\Users\walek\Desktop\Cohort4\Cohort-4-Project\tmpBstackPackages\node_modules\@badeball\cypress-configuration\node_modules\@esbuild\linux-s390x
npm verb reify failed optional dependency C:\Users\walek\Desktop\Cohort4\Cohort-4-Project\tmpBstackPackages\node_modules\@badeball\cypress-configuration\node_modules\@esbuild\linux-riscv64
npm verb reify failed optional dependency C:\Users\walek\Desktop\Cohort4\Cohort-4-Project\tmpBstackPackages\node_modules\@badeball\cypress-configuration\node_modules\@esbuild\linux-ppc64
npm verb reify failed optional dependency C:\Users\walek\Desktop\Cohort4\Cohort-4-Project\tmpBstackPackages\node_modules\@badeball\cypress-configuration\node_modules\@esbuild\linux-mips64el
npm verb reify failed optional dependency C:\Users\walek\Desktop\Cohort4\Cohort-4-Project\tmpBstackPackages\node_modules\@badeball\cypress-configuration\node_modules\@esbuild\linux-loong64
npm verb reify failed optional dependency C:\Users\walek\Desktop\Cohort4\Cohort-4-Project\tmpBstackPackages\node_modules\@badeball\cypress-configuration\node_modules\@esbuild\linux-ia32
npm verb reify failed optional dependency C:\Users\walek\Desktop\Cohort4\Cohort-4-Project\tmpBstackPackages\node_modules\@badeball\cypress-configuration\node_modules\@esbuild\linux-arm64
npm verb reify failed optional dependency C:\Users\walek\Desktop\Cohort4\Cohort-4-Project\tmpBstackPackages\node_modules\@badeball\cypress-configuration\node_modules\@esbuild\linux-arm
npm verb reify failed optional dependency C:\Users\walek\Desktop\Cohort4\Cohort-4-Project\tmpBstackPackages\node_modules\@badeball\cypress-configuration\node_modules\@esbuild\freebsd-x64
npm verb reify failed optional dependency C:\Users\walek\Desktop\Cohort4\Cohort-4-Project\tmpBstackPackages\node_modules\@badeball\cypress-configuration\node_modules\@esbuild\freebsd-arm64
npm verb reify failed optional dependency C:\Users\walek\Desktop\Cohort4\Cohort-4-Project\tmpBstackPackages\node_modules\@badeball\cypress-configuration\node_modules\@esbuild\darwin-x64
npm verb reify failed optional dependency C:\Users\walek\Desktop\Cohort4\Cohort-4-Project\tmpBstackPackages\node_modules\@badeball\cypress-configuration\node_modules\@esbuild\darwin-arm64
npm verb reify failed optional dependency C:\Users\walek\Desktop\Cohort4\Cohort-4-Project\tmpBstackPackages\node_modules\@badeball\cypress-configuration\node_modules\@esbuild\android-x64
npm verb reify failed optional dependency C:\Users\walek\Desktop\Cohort4\Cohort-4-Project\tmpBstackPackages\node_modules\@badeball\cypress-configuration\node_modules\@esbuild\android-arm64
npm verb reify failed optional dependency C:\Users\walek\Desktop\Cohort4\Cohort-4-Project\tmpBstackPackages\node_modules\@badeball\cypress-configuration\node_modules\@esbuild\android-arm
npm verb reify failed optional dependency C:\Users\walek\Desktop\Cohort4\Cohort-4-Project\tmpBstackPackages\node_modules\@badeball\cypress-configuration\node_modules\@esbuild\aix-ppc64
npm http fetch POST 200 https://registry.npmjs.org/-/npm/v1/security/advisories/bulk 1782ms
npm WARN deprecated inflight@1.0.6: This module is not supported, and leaks memory. Do not use it. Check out lru-cache if you want a good and tested way to coalesce async requests by a key value, which is much more comprehensive and powerful.
npm WARN deprecated @babel/plugin-proposal-class-properties@7.18.6: This proposal has been merged to the ECMAScript standard and thus this plugin is no longer maintained. Please use @babel/plugin-transform-class-properties instead.
npm WARN deprecated rimraf@2.5.4: Rimraf versions prior to v4 are no longer supported
npm WARN deprecated har-validator@5.1.5: this library is no longer supported
npm WARN deprecated @babel/plugin-proposal-object-rest-spread@7.20.7: This proposal has been merged to the ECMAScript standard and thus this plugin is no longer maintained. Please use @babel/plugin-transform-object-rest-spread instead.
npm WARN deprecated glob@7.2.3: Glob versions prior to v9 are no longer supported
npm WARN deprecated glob@7.2.3: Glob versions prior to v9 are no longer supported
npm WARN deprecated glob@7.2.3: Glob versions prior to v9 are no longer supported
npm WARN deprecated glob@7.2.3: Glob versions prior to v9 are no longer supported
npm WARN deprecated glob@7.2.3: Glob versions prior to v9 are no longer supported
npm WARN deprecated glob@8.1.0: Glob versions prior to v9 are no longer supported
npm WARN deprecated glob@7.2.3: Glob versions prior to v9 are no longer supported
npm WARN deprecated glob@7.2.3: Glob versions prior to v9 are no longer supported
npm WARN deprecated reflect-metadata@0.2.1: This version has a critical bug in fallback handling. Please upgrade to reflect-metadata@0.2.2 or newer.
npm WARN deprecated reflect-metadata@0.2.1: This version has a critical bug in fallback handling. Please upgrade to reflect-metadata@0.2.2 or newer.
npm WARN deprecated reflect-metadata@0.2.1: This version has a critical bug in fallback handling. Please upgrade to reflect-metadata@0.2.2 or newer.
npm WARN deprecated uuid@3.4.0: Please upgrade  to version 7 or higher.  Older versions may use Math.random() in certain circumstances, which is known to be problematic.  See https://v8.dev/blog/math-random for details.
npm WARN deprecated request@2.88.2: request has been deprecated, see https://github.com/request/request/issues/3142
npm info run cypress@13.13.3 postinstall node_modules/cypress node index.js --exec install
npm info run esbuild@0.23.1 postinstall node_modules/esbuild node install.js
npm info run esbuild@0.19.12 postinstall node_modules/@badeball/cypress-configuration/node_modules/esbuild node install.js
npm info run esbuild@0.23.1 postinstall { code: 0, signal: null }
npm info run cypress@13.13.3 postinstall { code: 0, signal: null }
npm info run esbuild@0.19.12 postinstall { code: 0, signal: null }

added 944 packages, and audited 945 packages in 51s

140 packages are looking for funding
  run `npm fund` for details

3 moderate severity vulnerabilities

To address all issues (including breaking changes), run:
  npm audit fix --force

Run `npm audit` for details.
npm verb exit 0
npm info ok 
